<?xml version="1.0" encoding="UTF-8"?>
<!-- Generated by org.testng.reporters.JUnitReportReporter -->
<testsuite skipped="0" hostname="clm-C02TT0U0HTDG" name="assignments.DisappearingElements" tests="1" failures="0" timestamp="18 Mar 2019 00:24:27 GMT" time="0.768" errors="0">
  <testcase name="DisappearingElementsTest" time="0.768" classname="assignments.DisappearingElements"/>
</testsuite> <!-- assignments.DisappearingElements -->
