<?xml version="1.0" encoding="UTF-8"?>
<!-- Generated by org.testng.reporters.JUnitReportReporter -->
<testsuite skipped="0" hostname="clm-C02TT0U0HTDG" name="assignments.DynamicControls" tests="1" failures="0" timestamp="18 Mar 2019 02:18:49 GMT" time="4.141" errors="0">
  <testcase name="Dynamic" time="4.141" classname="assignments.DynamicControls"/>
</testsuite> <!-- assignments.DynamicControls -->
