<?xml version="1.0" encoding="UTF-8"?>
<!-- Generated by org.testng.reporters.JUnitReportReporter -->
<testsuite skipped="0" hostname="clm-C02TT0U0HTDG" name="testNG.CheckBoxtesNGTest" tests="1" failures="0" timestamp="30 Mar 2019 13:37:16 GMT" time="6.964" errors="0">
  <testcase name="iframe" time="6.964" classname="testNG.CheckBoxtesNGTest"/>
</testsuite> <!-- testNG.CheckBoxtesNGTest -->
