<?xml version="1.0" encoding="UTF-8"?>
<!-- Generated by org.testng.reporters.JUnitReportReporter -->
<testsuite skipped="0" hostname="clm-C02TT0U0HTDG" name="assignments.Iframe" tests="1" failures="0" timestamp="21 Mar 2019 00:11:03 GMT" time="0.998" errors="0">
  <testcase name="iframe" time="0.998" classname="assignments.Iframe"/>
</testsuite> <!-- assignments.Iframe -->
