<?xml version="1.0" encoding="UTF-8"?>
<!-- Generated by org.testng.reporters.JUnitReportReporter -->
<testsuite skipped="0" hostname="clm-C02TT0U0HTDG" name="testNG.ListenersExample" tests="1" failures="0" timestamp="01 Apr 2019 23:54:50 GMT" time="0.010" errors="0">
  <testcase name="main" time="0.010" classname="testNG.ListenersExample"/>
</testsuite> <!-- testNG.ListenersExample -->
