<?xml version="1.0" encoding="UTF-8"?>
<!-- Generated by org.testng.reporters.JUnitReportReporter -->
<testsuite skipped="0" hostname="clm-C02TT0U0HTDG" name="testNG.Grouping" tests="2" failures="0" timestamp="21 Mar 2019 00:00:23 GMT" time="0.009" errors="0">
  <testcase name="Car1" time="0.008" classname="testNG.Grouping"/>
  <testcase name="Car2" time="0.001" classname="testNG.Grouping"/>
</testsuite> <!-- testNG.Grouping -->
