<?xml version="1.0" encoding="UTF-8"?>
<!-- Generated by org.testng.reporters.JUnitReportReporter -->
<testsuite skipped="0" hostname="clm-C02TT0U0HTDG" name="testNG.TestngParameters" tests="1" failures="0" timestamp="20 Mar 2019 23:49:25 GMT" time="0.008" errors="0">
  <testcase name="test" time="0.008" classname="testNG.TestngParameters"/>
</testsuite> <!-- testNG.TestngParameters -->
