<?xml version="1.0" encoding="UTF-8"?>
<!-- Generated by org.testng.reporters.JUnitReportReporter -->
<testsuite skipped="0" hostname="clm-C02TT0U0HTDG" name="testNG.TestClass" tests="1" failures="0" timestamp="19 Mar 2019 00:22:33 GMT" time="0.002" errors="0">
  <testcase name="sampleTest" time="0.002" classname="testNG.TestClass"/>
</testsuite> <!-- testNG.TestClass -->
