<?xml version="1.0" encoding="UTF-8"?>
<!-- Generated by org.testng.reporters.JUnitReportReporter -->
<testsuite skipped="0" hostname="clm-C02TT0U0HTDG" name="testNG.Sequencing" tests="3" failures="0" timestamp="19 Mar 2019 00:22:33 GMT" time="0.008" errors="0">
  <testcase name="VerifyTextBox" time="0.002" classname="testNG.Sequencing"/>
  <testcase name="Login" time="0.004" classname="testNG.Sequencing"/>
  <testcase name="VerifyImage" time="0.002" classname="testNG.Sequencing"/>
</testsuite> <!-- testNG.Sequencing -->
