<?xml version="1.0" encoding="UTF-8"?>
<!-- Generated by org.testng.reporters.JUnitReportReporter -->
<testsuite skipped="0" hostname="clm-C02TT0U0HTDG" name="testNG.Dependent" tests="4" failures="0" timestamp="20 Mar 2019 23:43:43 GMT" time="0.011" errors="0">
  <testcase name="OpenBrowser" time="0.007" classname="testNG.Dependent"/>
  <testcase name="LogOut" time="0.001" classname="testNG.Dependent"/>
  <testcase name="SetbrowserCapabalitiess" time="0.002" classname="testNG.Dependent"/>
  <testcase name="SignIn" time="0.001" classname="testNG.Dependent"/>
</testsuite> <!-- testNG.Dependent -->
